C:\Program Files\Microsoft Visual Studio\2022\Community\MSBuild\Microsoft\VC\v170\Microsoft.CppBuild.targets(534,5): warning MSB8028: la directory intermedia (x64\Debug\) contiene file condivisi da un altro progetto (LOD_Terrain_Project.vcxproj, OpenGL_4.6_Template.vcxproj). Tale condizione può comportare un comportamento di pulizia e ricompilazione non corretto.
  bufferHandler.cpp
  cameraHandler.cpp
  geometryHandler.cpp
  guiHandler.cpp
  interactionHandler.cpp
  main.cpp
C:\Marco\UNIVERSITA\Tesi\Progetto_OpenGL_2\LOD_Terrain_Project_2\LOD_Terrain_Project_2\main.cpp(19,24): warning C4305: 'inizializzazione': troncamento da 'double' a 'float'
C:\Marco\UNIVERSITA\Tesi\Progetto_OpenGL_2\LOD_Terrain_Project_2\LOD_Terrain_Project_2\main.cpp(311,25): warning C4244: 'inizializzazione': conversione da 'double' a 'float'. Possibile perdita di dati.
C:\Marco\UNIVERSITA\Tesi\Progetto_OpenGL_2\LOD_Terrain_Project_2\LOD_Terrain_Project_2\main.cpp(331,38): warning C4244: 'inizializzazione': conversione da 'double' a 'float'. Possibile perdita di dati.
C:\Marco\UNIVERSITA\Tesi\Progetto_OpenGL_2\LOD_Terrain_Project_2\LOD_Terrain_Project_2\main.cpp(333,42): warning C4244: 'inizializzazione': conversione da 'double' a 'float'. Possibile perdita di dati.
C:\Marco\UNIVERSITA\Tesi\Progetto_OpenGL_2\LOD_Terrain_Project_2\LOD_Terrain_Project_2\main.cpp(339,38): warning C4244: 'inizializzazione': conversione da 'double' a 'float'. Possibile perdita di dati.
C:\Marco\UNIVERSITA\Tesi\Progetto_OpenGL_2\LOD_Terrain_Project_2\LOD_Terrain_Project_2\main.cpp(341,42): warning C4244: 'inizializzazione': conversione da 'double' a 'float'. Possibile perdita di dati.
C:\Marco\UNIVERSITA\Tesi\Progetto_OpenGL_2\LOD_Terrain_Project_2\LOD_Terrain_Project_2\main.cpp(365,106): warning C4267: 'argomento': conversione da 'size_t' a 'GLsizei'. Possibile perdita di dati.
C:\Marco\UNIVERSITA\Tesi\Progetto_OpenGL_2\LOD_Terrain_Project_2\LOD_Terrain_Project_2\main.cpp(371,107): warning C4267: 'argomento': conversione da 'size_t' a 'GLsizei'. Possibile perdita di dati.
C:\Marco\UNIVERSITA\Tesi\Progetto_OpenGL_2\LOD_Terrain_Project_2\LOD_Terrain_Project_2\main.cpp(376,72): warning C4267: 'argomento': conversione da 'size_t' a 'GLsizei'. Possibile perdita di dati.
C:\Marco\UNIVERSITA\Tesi\Progetto_OpenGL_2\LOD_Terrain_Project_2\LOD_Terrain_Project_2\main.cpp(455,61): warning C4267: 'argomento': conversione da 'size_t' a 'GLsizei'. Possibile perdita di dati.
C:\Marco\UNIVERSITA\Tesi\Progetto_OpenGL_2\LOD_Terrain_Project_2\LOD_Terrain_Project_2\main.cpp(484,60): warning C4267: 'argomento': conversione da 'size_t' a 'GLsizei'. Possibile perdita di dati.
C:\Marco\UNIVERSITA\Tesi\Progetto_OpenGL_2\LOD_Terrain_Project_2\LOD_Terrain_Project_2\main.cpp(514,60): warning C4267: 'argomento': conversione da 'size_t' a 'GLsizei'. Possibile perdita di dati.
  modelLoader.cpp
C:\Marco\UNIVERSITA\Tesi\Progetto_OpenGL_2\LOD_Terrain_Project_2\LOD_Terrain_Project_2\modelLoader.cpp(44,23): warning C4018: '<': errata corrispondenza tra signed e unsigned
C:\Marco\UNIVERSITA\Tesi\Progetto_OpenGL_2\LOD_Terrain_Project_2\LOD_Terrain_Project_2\modelLoader.cpp(229,55): warning C4267: '=': conversione da 'size_t' a 'int'. Possibile perdita di dati.
C:\Marco\UNIVERSITA\Tesi\Progetto_OpenGL_2\LOD_Terrain_Project_2\LOD_Terrain_Project_2\modelLoader.cpp(245,56): warning C4267: '=': conversione da 'size_t' a 'int'. Possibile perdita di dati.
C:\Marco\UNIVERSITA\Tesi\Progetto_OpenGL_2\LOD_Terrain_Project_2\LOD_Terrain_Project_2\modelLoader.cpp(264,23): warning C4018: '<': errata corrispondenza tra signed e unsigned
C:\Marco\UNIVERSITA\Tesi\Progetto_OpenGL_2\LOD_Terrain_Project_2\LOD_Terrain_Project_2\modelLoader.cpp(269,27): warning C4018: '<': errata corrispondenza tra signed e unsigned
C:\Marco\UNIVERSITA\Tesi\Progetto_OpenGL_2\LOD_Terrain_Project_2\LOD_Terrain_Project_2\modelLoader.cpp(286,23): warning C4018: '<': errata corrispondenza tra signed e unsigned
C:\Marco\UNIVERSITA\Tesi\Progetto_OpenGL_2\LOD_Terrain_Project_2\LOD_Terrain_Project_2\modelLoader.cpp(301,23): warning C4018: '<': errata corrispondenza tra signed e unsigned
C:\Marco\UNIVERSITA\Tesi\Progetto_OpenGL_2\LOD_Terrain_Project_2\LOD_Terrain_Project_2\modelLoader.cpp(340,27): warning C4018: '<': errata corrispondenza tra signed e unsigned
  noiseHandler.cpp
  shaderHandler.cpp
  textureHandler.cpp
  utilities.cpp
C:\Marco\UNIVERSITA\Tesi\Progetto_OpenGL_2\LOD_Terrain_Project_2\LOD_Terrain_Project_2\utilities.cpp(8,15): warning C4244: 'return': conversione da 'double' a 'float'. Possibile perdita di dati.
C:\Marco\UNIVERSITA\Tesi\Progetto_OpenGL_2\LOD_Terrain_Project_2\LOD_Terrain_Project_2\utilities.cpp(22,23): warning C4244: 'inizializzazione': conversione da 'float' a 'int'. Possibile perdita di dati.
  Generazione del codice in corso...
  LOD_Terrain_Project_2.vcxproj -> C:\Marco\UNIVERSITA\Tesi\Progetto_OpenGL_2\LOD_Terrain_Project_2\x64\Debug\LOD_Terrain_Project_2.exe
